2025-09-09 01:19:30,397 - __main__ - INFO - تم إضافة عمود whatsapp_network بنجاح
/home/user/webapp/app_complete.py:3612: PTBUserWarning: If 'per_message=False', 'CallbackQueryHandler' will not be tracked for every message. Read this FAQ entry to learn more about the per_* settings: https://github.com/python-telegram-bot/python-telegram-bot/wiki/Frequently-Asked-Questions#what-do-the-per_-settings-in-conversationhandler-do.
  return ConversationHandler(
/home/user/webapp/app_complete.py:3658: PTBUserWarning: If 'per_message=False', 'CallbackQueryHandler' will not be tracked for every message. Read this FAQ entry to learn more about the per_* settings: https://github.com/python-telegram-bot/python-telegram-bot/wiki/Frequently-Asked-Questions#what-do-the-per_-settings-in-conversationhandler-do.
  return ConversationHandler(
2025-09-09 01:19:30,651 - __main__ - INFO - 🚀 بدء تشغيل FC 26 Smart Bot...
2025-09-09 01:19:30,651 - __main__ - INFO - ✨ النظام الذكي للرسائل مفعّل
2025-09-09 01:19:30,651 - __main__ - INFO - 📱 البوت جاهز: https://t.me/FC26_Trading_Bot
2025-09-09 01:19:31,096 - httpx - INFO - HTTP Request: POST https://api.telegram.org/bot7607085569:AAEDNKwt8j8B_CjG5gjKLJ8MLjrTRCCrx6k/getMe "HTTP/1.1 200 OK"
2025-09-09 01:19:31,239 - httpx - INFO - HTTP Request: POST https://api.telegram.org/bot7607085569:AAEDNKwt8j8B_CjG5gjKLJ8MLjrTRCCrx6k/deleteWebhook "HTTP/1.1 200 OK"
2025-09-09 01:19:31,241 - telegram.ext.Application - INFO - Application started
2025-09-09 01:19:41,670 - httpx - INFO - HTTP Request: POST https://api.telegram.org/bot7607085569:AAEDNKwt8j8B_CjG5gjKLJ8MLjrTRCCrx6k/getUpdates "HTTP/1.1 200 OK"
2025-09-09 01:19:51,814 - httpx - INFO - HTTP Request: POST https://api.telegram.org/bot7607085569:AAEDNKwt8j8B_CjG5gjKLJ8MLjrTRCCrx6k/getUpdates "HTTP/1.1 200 OK"
2025-09-09 01:20:01,959 - httpx - INFO - HTTP Request: POST https://api.telegram.org/bot7607085569:AAEDNKwt8j8B_CjG5gjKLJ8MLjrTRCCrx6k/getUpdates "HTTP/1.1 200 OK"
2025-09-09 01:20:12,103 - httpx - INFO - HTTP Request: POST https://api.telegram.org/bot7607085569:AAEDNKwt8j8B_CjG5gjKLJ8MLjrTRCCrx6k/getUpdates "HTTP/1.1 200 OK"
2025-09-09 01:20:22,247 - httpx - INFO - HTTP Request: POST https://api.telegram.org/bot7607085569:AAEDNKwt8j8B_CjG5gjKLJ8MLjrTRCCrx6k/getUpdates "HTTP/1.1 200 OK"
2025-09-09 01:20:32,391 - httpx - INFO - HTTP Request: POST https://api.telegram.org/bot7607085569:AAEDNKwt8j8B_CjG5gjKLJ8MLjrTRCCrx6k/getUpdates "HTTP/1.1 200 OK"
2025-09-09 01:20:42,532 - httpx - INFO - HTTP Request: POST https://api.telegram.org/bot7607085569:AAEDNKwt8j8B_CjG5gjKLJ8MLjrTRCCrx6k/getUpdates "HTTP/1.1 200 OK"
2025-09-09 01:20:52,675 - httpx - INFO - HTTP Request: POST https://api.telegram.org/bot7607085569:AAEDNKwt8j8B_CjG5gjKLJ8MLjrTRCCrx6k/getUpdates "HTTP/1.1 200 OK"
2025-09-09 01:21:02,820 - httpx - INFO - HTTP Request: POST https://api.telegram.org/bot7607085569:AAEDNKwt8j8B_CjG5gjKLJ8MLjrTRCCrx6k/getUpdates "HTTP/1.1 200 OK"
2025-09-09 01:21:12,963 - httpx - INFO - HTTP Request: POST https://api.telegram.org/bot7607085569:AAEDNKwt8j8B_CjG5gjKLJ8MLjrTRCCrx6k/getUpdates "HTTP/1.1 200 OK"
2025-09-09 01:21:23,107 - httpx - INFO - HTTP Request: POST https://api.telegram.org/bot7607085569:AAEDNKwt8j8B_CjG5gjKLJ8MLjrTRCCrx6k/getUpdates "HTTP/1.1 200 OK"
2025-09-09 01:21:33,250 - httpx - INFO - HTTP Request: POST https://api.telegram.org/bot7607085569:AAEDNKwt8j8B_CjG5gjKLJ8MLjrTRCCrx6k/getUpdates "HTTP/1.1 200 OK"
2025-09-09 01:21:43,395 - httpx - INFO - HTTP Request: POST https://api.telegram.org/bot7607085569:AAEDNKwt8j8B_CjG5gjKLJ8MLjrTRCCrx6k/getUpdates "HTTP/1.1 200 OK"
