/home/user/webapp/app_complete.py:3462: PTBUserWarning: If 'per_message=False', 'CallbackQueryHandler' will not be tracked for every message. Read this FAQ entry to learn more about the per_* settings: https://github.com/python-telegram-bot/python-telegram-bot/wiki/Frequently-Asked-Questions#what-do-the-per_-settings-in-conversationhandler-do.
  return ConversationHandler(
/home/user/webapp/app_complete.py:3508: PTBUserWarning: If 'per_message=False', 'CallbackQueryHandler' will not be tracked for every message. Read this FAQ entry to learn more about the per_* settings: https://github.com/python-telegram-bot/python-telegram-bot/wiki/Frequently-Asked-Questions#what-do-the-per_-settings-in-conversationhandler-do.
  return ConversationHandler(
2025-09-09 05:42:58,918 - __main__ - INFO - 🚀 بدء تشغيل FC 26 Smart Bot...
2025-09-09 05:42:58,918 - __main__ - INFO - ✨ النظام الذكي للرسائل مفعّل
2025-09-09 05:42:58,918 - __main__ - INFO - 📱 البوت جاهز: https://t.me/FC26_Trading_Bot
2025-09-09 05:42:59,363 - httpx - INFO - HTTP Request: POST https://api.telegram.org/bot7607085569:AAFNg16XaRpWo9NJFSwg4JT8FB25f0q7RkM/getMe "HTTP/1.1 200 OK"
2025-09-09 05:42:59,506 - httpx - INFO - HTTP Request: POST https://api.telegram.org/bot7607085569:AAFNg16XaRpWo9NJFSwg4JT8FB25f0q7RkM/deleteWebhook "HTTP/1.1 200 OK"
2025-09-09 05:42:59,508 - telegram.ext.Application - INFO - Application started
2025-09-09 05:43:09,936 - httpx - INFO - HTTP Request: POST https://api.telegram.org/bot7607085569:AAFNg16XaRpWo9NJFSwg4JT8FB25f0q7RkM/getUpdates "HTTP/1.1 200 OK"
2025-09-09 05:43:20,081 - httpx - INFO - HTTP Request: POST https://api.telegram.org/bot7607085569:AAFNg16XaRpWo9NJFSwg4JT8FB25f0q7RkM/getUpdates "HTTP/1.1 200 OK"
2025-09-09 05:43:30,226 - httpx - INFO - HTTP Request: POST https://api.telegram.org/bot7607085569:AAFNg16XaRpWo9NJFSwg4JT8FB25f0q7RkM/getUpdates "HTTP/1.1 200 OK"
2025-09-09 05:43:40,370 - httpx - INFO - HTTP Request: POST https://api.telegram.org/bot7607085569:AAFNg16XaRpWo9NJFSwg4JT8FB25f0q7RkM/getUpdates "HTTP/1.1 200 OK"
2025-09-09 05:43:50,512 - httpx - INFO - HTTP Request: POST https://api.telegram.org/bot7607085569:AAFNg16XaRpWo9NJFSwg4JT8FB25f0q7RkM/getUpdates "HTTP/1.1 200 OK"
2025-09-09 05:44:00,656 - httpx - INFO - HTTP Request: POST https://api.telegram.org/bot7607085569:AAFNg16XaRpWo9NJFSwg4JT8FB25f0q7RkM/getUpdates "HTTP/1.1 200 OK"
2025-09-09 05:44:10,800 - httpx - INFO - HTTP Request: POST https://api.telegram.org/bot7607085569:AAFNg16XaRpWo9NJFSwg4JT8FB25f0q7RkM/getUpdates "HTTP/1.1 200 OK"
2025-09-09 05:44:20,943 - httpx - INFO - HTTP Request: POST https://api.telegram.org/bot7607085569:AAFNg16XaRpWo9NJFSwg4JT8FB25f0q7RkM/getUpdates "HTTP/1.1 200 OK"
2025-09-09 05:44:31,087 - httpx - INFO - HTTP Request: POST https://api.telegram.org/bot7607085569:AAFNg16XaRpWo9NJFSwg4JT8FB25f0q7RkM/getUpdates "HTTP/1.1 200 OK"
2025-09-09 05:44:41,231 - httpx - INFO - HTTP Request: POST https://api.telegram.org/bot7607085569:AAFNg16XaRpWo9NJFSwg4JT8FB25f0q7RkM/getUpdates "HTTP/1.1 200 OK"
2025-09-09 05:44:51,379 - httpx - INFO - HTTP Request: POST https://api.telegram.org/bot7607085569:AAFNg16XaRpWo9NJFSwg4JT8FB25f0q7RkM/getUpdates "HTTP/1.1 200 OK"
2025-09-09 05:45:01,526 - httpx - INFO - HTTP Request: POST https://api.telegram.org/bot7607085569:AAFNg16XaRpWo9NJFSwg4JT8FB25f0q7RkM/getUpdates "HTTP/1.1 200 OK"
2025-09-09 05:45:11,673 - httpx - INFO - HTTP Request: POST https://api.telegram.org/bot7607085569:AAFNg16XaRpWo9NJFSwg4JT8FB25f0q7RkM/getUpdates "HTTP/1.1 200 OK"
2025-09-09 05:45:21,820 - httpx - INFO - HTTP Request: POST https://api.telegram.org/bot7607085569:AAFNg16XaRpWo9NJFSwg4JT8FB25f0q7RkM/getUpdates "HTTP/1.1 200 OK"
2025-09-09 05:45:31,964 - httpx - INFO - HTTP Request: POST https://api.telegram.org/bot7607085569:AAFNg16XaRpWo9NJFSwg4JT8FB25f0q7RkM/getUpdates "HTTP/1.1 200 OK"
